2025-06-04 22:05:19.546 | INFO     | src.utils.logger:setup_logging:60 - Logging initialized. Log directory: D:\Yambo Studio Dropbox\Admin\_studio-dashboard-app-dev\comfy-to-c4d\logs
2025-06-04 22:05:19.547 | INFO     | src.utils.logger:setup_logging:61 - Main log file: D:\Yambo Studio Dropbox\Admin\_studio-dashboard-app-dev\comfy-to-c4d\logs\comfy_to_c4d_20250604_220519.log
2025-06-04 22:05:19.547 | INFO     | __main__:main:27 - Starting ComfyUI to Cinema4D Bridge Application
2025-06-04 22:05:19.550 | ERROR    | __main__:<module>:63 - Unhandled exception: 13 validation errors for AppConfig
workflows_dir
  Input is not a valid path for <class 'pathlib._local.Path'> [type=path_type, input_value=None, input_type=NoneType]
images_dir
  Input is not a valid path for <class 'pathlib._local.Path'> [type=path_type, input_value=None, input_type=NoneType]
models_3d_dir
  Input is not a valid path for <class 'pathlib._local.Path'> [type=path_type, input_value=None, input_type=NoneType]
config_dir
  Input is not a valid path for <class 'pathlib._local.Path'> [type=path_type, input_value=None, input_type=NoneType]
comfyui_path
  Extra inputs are not permitted [type=extra_forbidden, input_value='D:/Comfy3D_WinPortable', input_type=str]
    For further information visit https://errors.pydantic.dev/2.11/v/extra_forbidden
comfyui_server_url
  Extra inputs are not permitted [type=extra_forbidden, input_value='http://localhost:8188', input_type=str]
    For further information visit https://errors.pydantic.dev/2.11/v/extra_forbidden
comfyui_websocket_url
  Extra inputs are not permitted [type=extra_forbidden, input_value='ws://localhost:8188/ws', input_type=str]
    For further information visit https://errors.pydantic.dev/2.11/v/extra_forbidden
cinema4d_path
  Extra inputs are not permitted [type=extra_forbidden, input_value='C:/Program Files/Maxon Cinema 4D 2024', input_type=str]
    For further information visit https://errors.pydantic.dev/2.11/v/extra_forbidden
cinema4d_mcp_host
  Extra inputs are not permitted [type=extra_forbidden, input_value='localhost', input_type=str]
    For further information visit https://errors.pydantic.dev/2.11/v/extra_forbidden
cinema4d_mcp_port
  Extra inputs are not permitted [type=extra_forbidden, input_value='5000', input_type=str]
    For further information visit https://errors.pydantic.dev/2.11/v/extra_forbidden
log_level
  Extra inputs are not permitted [type=extra_forbidden, input_value='INFO', input_type=str]
    For further information visit https://errors.pydantic.dev/2.11/v/extra_forbidden
file_monitor_delay
  Extra inputs are not permitted [type=extra_forbidden, input_value='1.0', input_type=str]
    For further information visit https://errors.pydantic.dev/2.11/v/extra_forbidden
auto_save_interval
  Extra inputs are not permitted [type=extra_forbidden, input_value='300', input_type=str]
    For further information visit https://errors.pydantic.dev/2.11/v/extra_forbidden
Traceback (most recent call last):

> File "D:\Yambo Studio Dropbox\Admin\_studio-dashboard-app-dev\comfy-to-c4d\main.py", line 59, in <module>
    asyncio.run(main())
    │       │   └ <function main at 0x000002D1FE7505E0>
    │       └ <function run at 0x000002D1FC754EA0>
    └ <module 'asyncio' from 'C:\\Python313\\Lib\\asyncio\\__init__.py'>

  File "C:\Python313\Lib\asyncio\runners.py", line 195, in run
    return runner.run(main)
           │      │   └ <coroutine object main at 0x000002D1FD0F7D30>
           │      └ <function Runner.run at 0x000002D1FC83F240>
           └ <asyncio.runners.Runner object at 0x000002D1FE5B3A10>
  File "C:\Python313\Lib\asyncio\runners.py", line 118, in run
    return self._loop.run_until_complete(task)
           │    │                        └ <Task finished name='Task-1' coro=<main() done, defined at D:\Yambo Studio Dropbox\Admin\_studio-dashboard-app-dev\comfy-to-c...
           │    └ None
           └ <asyncio.runners.Runner object at 0x000002D1FE5B3A10>
  File "C:\Python313\Lib\asyncio\base_events.py", line 719, in run_until_complete
    return future.result()
           │      └ <method 'result' of '_asyncio.Task' objects>
           └ <Task finished name='Task-1' coro=<main() done, defined at D:\Yambo Studio Dropbox\Admin\_studio-dashboard-app-dev\comfy-to-c...

  File "D:\Yambo Studio Dropbox\Admin\_studio-dashboard-app-dev\comfy-to-c4d\main.py", line 30, in main
    config = AppConfig.load()
             │         └ <classmethod(<function AppConfig.load at 0x000002D1FDEB02C0>)>
             └ <class 'src.core.config.AppConfig'>

  File "D:\Yambo Studio Dropbox\Admin\_studio-dashboard-app-dev\comfy-to-c4d\src\core\config.py", line 156, in load
    config = cls()
             └ <class 'src.core.config.AppConfig'>

  File "D:\Yambo Studio Dropbox\Admin\_studio-dashboard-app-dev\comfy-to-c4d\src\core\config.py", line 97, in __init__
    super().__init__(**data)
                       └ {}

  File "D:\Yambo Studio Dropbox\Admin\_studio-dashboard-app-dev\comfy-to-c4d\venv\Lib\site-packages\pydantic_settings\main.py", line 176, in __init__
    super().__init__(
  File "D:\Yambo Studio Dropbox\Admin\_studio-dashboard-app-dev\comfy-to-c4d\venv\Lib\site-packages\pydantic\main.py", line 253, in __init__
    validated_self = self.__pydantic_validator__.validate_python(data, self_instance=self)
                     │    │                      │               │                   └ AppConfig()
                     │    │                      │               └ {'max_recent_projects': '10', 'comfyui_path': 'D:/Comfy3D_WinPortable', 'comfyui_server_url': 'http://localhost:8188', 'comfy...
                     │    │                      └ <method 'validate_python' of 'pydantic_core._pydantic_core.SchemaValidator' objects>
                     │    └ SchemaValidator(title="AppConfig", validator=Model(
                     │          ModelValidator {
                     │              revalidate: Never,
                     │              validator: ModelF...
                     └ AppConfig()

pydantic_core._pydantic_core.ValidationError: 13 validation errors for AppConfig
workflows_dir
  Input is not a valid path for <class 'pathlib._local.Path'> [type=path_type, input_value=None, input_type=NoneType]
images_dir
  Input is not a valid path for <class 'pathlib._local.Path'> [type=path_type, input_value=None, input_type=NoneType]
models_3d_dir
  Input is not a valid path for <class 'pathlib._local.Path'> [type=path_type, input_value=None, input_type=NoneType]
config_dir
  Input is not a valid path for <class 'pathlib._local.Path'> [type=path_type, input_value=None, input_type=NoneType]
comfyui_path
  Extra inputs are not permitted [type=extra_forbidden, input_value='D:/Comfy3D_WinPortable', input_type=str]
    For further information visit https://errors.pydantic.dev/2.11/v/extra_forbidden
comfyui_server_url
  Extra inputs are not permitted [type=extra_forbidden, input_value='http://localhost:8188', input_type=str]
    For further information visit https://errors.pydantic.dev/2.11/v/extra_forbidden
comfyui_websocket_url
  Extra inputs are not permitted [type=extra_forbidden, input_value='ws://localhost:8188/ws', input_type=str]
    For further information visit https://errors.pydantic.dev/2.11/v/extra_forbidden
cinema4d_path
  Extra inputs are not permitted [type=extra_forbidden, input_value='C:/Program Files/Maxon Cinema 4D 2024', input_type=str]
    For further information visit https://errors.pydantic.dev/2.11/v/extra_forbidden
cinema4d_mcp_host
  Extra inputs are not permitted [type=extra_forbidden, input_value='localhost', input_type=str]
    For further information visit https://errors.pydantic.dev/2.11/v/extra_forbidden
cinema4d_mcp_port
  Extra inputs are not permitted [type=extra_forbidden, input_value='5000', input_type=str]
    For further information visit https://errors.pydantic.dev/2.11/v/extra_forbidden
log_level
  Extra inputs are not permitted [type=extra_forbidden, input_value='INFO', input_type=str]
    For further information visit https://errors.pydantic.dev/2.11/v/extra_forbidden
file_monitor_delay
  Extra inputs are not permitted [type=extra_forbidden, input_value='1.0', input_type=str]
    For further information visit https://errors.pydantic.dev/2.11/v/extra_forbidden
auto_save_interval
  Extra inputs are not permitted [type=extra_forbidden, input_value='300', input_type=str]
    For further information visit https://errors.pydantic.dev/2.11/v/extra_forbidden
