2025-06-05 15:42:07.859 | INFO     | utils.logger:setup_logging:60 - Logging initialized. Log directory: D:\Yambo Studio Dropbox\Admin\_studio-dashboard-app-dev\comfy-to-c4d\logs
2025-06-05 15:42:07.859 | INFO     | utils.logger:setup_logging:61 - Main log file: D:\Yambo Studio Dropbox\Admin\_studio-dashboard-app-dev\comfy-to-c4d\logs\comfy_to_c4d_20250605_154207.log
2025-06-05 15:42:07.859 | INFO     | __main__:main:27 - Starting ComfyUI to Cinema4D Bridge Application
2025-06-05 15:42:08.547 | ERROR    | __main__:<module>:63 - Unhandled exception: 'PySide6.QtWidgets.QTabWidget' object has no attribute 'addWidget'
Traceback (most recent call last):

> File "D:\Yambo Studio Dropbox\Admin\_studio-dashboard-app-dev\comfy-to-c4d\main.py", line 59, in <module>
    asyncio.run(main())
    │       │   └ <function main at 0x000001D935A654E0>
    │       └ <function run at 0x000001D933D54EA0>
    └ <module 'asyncio' from 'C:\\Python313\\Lib\\asyncio\\__init__.py'>

  File "C:\Python313\Lib\asyncio\runners.py", line 195, in run
    return runner.run(main)
           │      │   └ <coroutine object main at 0x000001D93595BF10>
           │      └ <function Runner.run at 0x000001D933E4F240>
           └ <asyncio.runners.Runner object at 0x000001D9359D4980>
  File "C:\Python313\Lib\asyncio\runners.py", line 118, in run
    return self._loop.run_until_complete(task)
           │    │                        └ <Task finished name='Task-1' coro=<main() done, defined at D:\Yambo Studio Dropbox\Admin\_studio-dashboard-app-dev\comfy-to-c...
           │    └ None
           └ <asyncio.runners.Runner object at 0x000001D9359D4980>
  File "C:\Python313\Lib\asyncio\base_events.py", line 719, in run_until_complete
    return future.result()
           │      └ <method 'result' of '_asyncio.Task' objects>
           └ <Task finished name='Task-1' coro=<main() done, defined at D:\Yambo Studio Dropbox\Admin\_studio-dashboard-app-dev\comfy-to-c...

  File "D:\Yambo Studio Dropbox\Admin\_studio-dashboard-app-dev\comfy-to-c4d\main.py", line 42, in main
    main_window = ComfyToC4DApp(config)
                  │             └ <core.config_adapter.AppConfigAdapter object at 0x000001D9359D57F0>
                  └ <class 'core.app.ComfyToC4DApp'>

  File "D:\Yambo Studio Dropbox\Admin\_studio-dashboard-app-dev\comfy-to-c4d\src\core\app.py", line 79, in __init__
    self._setup_ui()
    │    └ <function ComfyToC4DApp._setup_ui at 0x000001D935A41BC0>
    └ <core.app.ComfyToC4DApp(0x1d9341b2ab0) at 0x000001D935A374C0>

  File "D:\Yambo Studio Dropbox\Admin\_studio-dashboard-app-dev\comfy-to-c4d\src\core\app.py", line 180, in _setup_ui
    right_panel = self._create_right_panel()
                  │    └ <function ComfyToC4DApp._create_right_panel at 0x000001D935A42E80>
                  └ <core.app.ComfyToC4DApp(0x1d9341b2ab0) at 0x000001D935A374C0>

  File "D:\Yambo Studio Dropbox\Admin\_studio-dashboard-app-dev\comfy-to-c4d\src\core\app.py", line 809, in _create_right_panel
    self.params_stack.addWidget(self.image_params_widget)
    │    │                      │    └ <PySide6.QtWidgets.QWidget(0x1d936ec9670) at 0x000001D936B6D900>
    │    │                      └ <core.app.ComfyToC4DApp(0x1d9341b2ab0) at 0x000001D935A374C0>
    │    └ <PySide6.QtWidgets.QTabWidget(0x1d936ec69a0) at 0x000001D936B6D880>
    └ <core.app.ComfyToC4DApp(0x1d9341b2ab0) at 0x000001D935A374C0>

AttributeError: 'PySide6.QtWidgets.QTabWidget' object has no attribute 'addWidget'
